Tue Dec 05 2017 18:57:23 GMT-0600 (Central Standard Time): GET /
Tue Dec 05 2017 18:57:27 GMT-0600 (Central Standard Time): GET /about
Tue Dec 05 2017 18:57:57 GMT-0600 (Central Standard Time): GET /about
Tue Dec 05 2017 18:57:59 GMT-0600 (Central Standard Time): GET /
Tue Dec 05 2017 19:00:41 GMT-0600 (Central Standard Time): GET /maintenace
Tue Dec 05 2017 19:01:57 GMT-0600 (Central Standard Time): GET /maintenace
Tue Dec 05 2017 19:02:01 GMT-0600 (Central Standard Time): GET /
Tue Dec 05 2017 19:02:50 GMT-0600 (Central Standard Time): GET /
Tue Dec 05 2017 19:03:11 GMT-0600 (Central Standard Time): GET /
Tue Dec 05 2017 19:03:16 GMT-0600 (Central Standard Time): GET /
Tue Dec 05 2017 19:03:17 GMT-0600 (Central Standard Time): GET /about
Tue Dec 05 2017 19:04:23 GMT-0600 (Central Standard Time): GET /about
Tue Dec 05 2017 19:04:33 GMT-0600 (Central Standard Time): GET /about
Tue Dec 05 2017 19:04:53 GMT-0600 (Central Standard Time): GET /about
Tue Dec 05 2017 19:05:52 GMT-0600 (Central Standard Time): GET /home
Tue Dec 05 2017 19:05:55 GMT-0600 (Central Standard Time): GET /about
Tue Dec 05 2017 19:05:57 GMT-0600 (Central Standard Time): GET /
Tue Dec 05 2017 19:05:57 GMT-0600 (Central Standard Time): GET /about
Sun Dec 10 2017 15:20:40 GMT-0600 (CST): GET /
Sun Dec 10 2017 15:20:40 GMT-0600 (CST): GET /favicon.ico
Sun Dec 10 2017 15:20:40 GMT-0600 (CST): GET /favicon.ico
Sun Dec 10 2017 15:20:44 GMT-0600 (CST): GET /
Sun Dec 10 2017 15:20:47 GMT-0600 (CST): GET /
Sun Dec 10 2017 15:20:48 GMT-0600 (CST): GET /about
Sun Dec 10 2017 15:20:51 GMT-0600 (CST): GET /
Mon Dec 11 2017 18:29:38 GMT-0600 (CST): GET /
Mon Dec 11 2017 18:29:38 GMT-0600 (CST): GET /favicon.ico
Mon Dec 11 2017 18:29:38 GMT-0600 (CST): GET /favicon.ico
Mon Dec 11 2017 18:29:40 GMT-0600 (CST): GET /projects
Mon Dec 11 2017 18:29:43 GMT-0600 (CST): GET /projects
Mon Dec 11 2017 18:29:44 GMT-0600 (CST): GET /about
Mon Dec 11 2017 18:29:45 GMT-0600 (CST): GET /
Mon Dec 11 2017 18:29:47 GMT-0600 (CST): GET /projects
Mon Dec 11 2017 18:29:49 GMT-0600 (CST): GET /
Mon Dec 18 2017 18:38:36 GMT-0600 (CST): GET /
Mon Dec 18 2017 18:38:37 GMT-0600 (CST): GET /
Mon Dec 18 2017 18:38:39 GMT-0600 (CST): GET /about
Mon Dec 18 2017 18:38:40 GMT-0600 (CST): GET /projects
